<?xml version="1.0" encoding="UTF-8"?>
<!-- Generated by org.testng.reporters.JUnitReportReporter -->
<testsuite hostname="INBook_X1" failures="0" tests="1" name="test.Login_Test" time="34.820" errors="0" timestamp="2024-08-30T08:23:28 IST" skipped="0">
  <testcase classname="test.Login_Test" name="login" time="34.820"/>
</testsuite> <!-- test.Login_Test -->
